Using pre-set license
Built from '2020.3/staging' branch; Version is '2020.3.8f1 (507919d4fff5) revision 5273881'; Using compiler version '192528614'; Build Type 'Release'
OS: 'Windows 10 Home Single Language; OS build 19042.985; Version 2009; 64bit' Language: 'ko' Physical Memory: 16310 MB
BatchMode: 1, IsHumanControllingUs: 0, StartBugReporterOnCrash: 0, Is64bit: 1, IsPro: 0

 COMMAND LINE ARGUMENTS:
D:\unity\2020.3.8f1\Editor\Unity.exe
-adb2
-batchMode
-noUpm
-name
AssetImportWorker0
-projectPath
D:/unity_workspace/Unity_exercise/개론/MMO_Unity
-logFile
Logs/AssetImportWorker0.log
-srvPort
1490
Successfully changed project path to: D:/unity_workspace/Unity_exercise/개론/MMO_Unity
D:/unity_workspace/Unity_exercise/개론/MMO_Unity
Using Asset Import Pipeline V2.
Refreshing native plugins compatible for Editor in 23.30 ms, found 0 plugins.
Preloading 0 native plugins for Editor in 0.00 ms.
Initialize engine version: 2020.3.8f1 (507919d4fff5)
[Subsystems] Discovering subsystems at path D:/unity/2020.3.8f1/Editor/Data/Resources/UnitySubsystems
[Subsystems] Discovering subsystems at path D:/unity_workspace/Unity_exercise/개론/MMO_Unity/Assets
GfxDevice: creating device client; threaded=0
Direct3D:
    Version:  Direct3D 11.0 [level 11.1]
    Renderer: NVIDIA GeForce RTX 3070 (ID=0x2484)
    Vendor:   
    VRAM:     8043 MB
    Driver:   27.21.14.6109
Initialize mono
Mono path[0] = 'D:/unity/2020.3.8f1/Editor/Data/Managed'
Mono path[1] = 'D:/unity/2020.3.8f1/Editor/Data/MonoBleedingEdge/lib/mono/unityjit'
Mono config path = 'D:/unity/2020.3.8f1/Editor/Data/MonoBleedingEdge/etc'
Using monoOptions --debugger-agent=transport=dt_socket,embedding=1,server=y,suspend=n,address=127.0.0.1:56728
Begin MonoManager ReloadAssembly
Registering precompiled unity dll's ...
Register platform support module: D:/unity/2020.3.8f1/Editor/Data/PlaybackEngines/WindowsStandaloneSupport/UnityEditor.WindowsStandalone.Extensions.dll
Registered in 0.001071 seconds.
Native extension for WindowsStandalone target not found
Refreshing native plugins compatible for Editor in 24.40 ms, found 0 plugins.
Preloading 0 native plugins for Editor in 0.00 ms.
Mono: successfully reloaded assembly
- Completed reload, in  1.592 seconds
Platform modules already initialized, skipping
Registering precompiled user dll's ...
Registered in 0.000510 seconds.
Begin MonoManager ReloadAssembly
Native extension for WindowsStandalone target not found
Refreshing native plugins compatible for Editor in 0.27 ms, found 0 plugins.
Preloading 0 native plugins for Editor in 0.00 ms.
Mono: successfully reloaded assembly
- Completed reload, in  0.700 seconds
Platform modules already initialized, skipping
========================================================================
Worker process is ready to serve import requests
Launched and connected shader compiler UnityShaderCompiler.exe after 0.04 seconds
Refreshing native plugins compatible for Editor in 0.28 ms, found 0 plugins.
Preloading 0 native plugins for Editor in 0.00 ms.
Unloading 1172 Unused Serialized files (Serialized files now loaded: 0)
System memory in use before: 66.0 MB.
System memory in use after: 66.0 MB.

Unloading 10 unused Assets to reduce memory usage. Loaded Objects now: 1619.
Total: 1.609500 ms (FindLiveObjects: 0.146900 ms CreateObjectMapping: 0.026200 ms MarkObjects: 1.362300 ms  DeleteObjects: 0.073100 ms)

AssetImportParameters requested are different than current active one (requested -> active):
  requireTextureImportCompression: false -> true
========================================================================
Received Import Request.
  path: Assets/Resources/Prefabs/UI/Scene/UI_Inven_Item.prefab
  artifactKey: Guid(86bf812d0c644ea44b13cd1c55e8b5ec) Importer(815301076,1909f56bfc062723c751e8b465ee728b)
Start importing Assets/Resources/Prefabs/UI/Scene/UI_Inven_Item.prefab using Guid(86bf812d0c644ea44b13cd1c55e8b5ec) Importer(815301076,1909f56bfc062723c751e8b465ee728b)  -> (artifact id: 'fbb15553a903fc63560a86e6a5ab0047') in 0.064596 seconds
  Import took 0.066452 seconds .

========================================================================
Received Import Request.
  Time since last request: 140.203144 seconds.
  path: Assets/Resources/Prefabs/UI/Scene/Panel.prefab
  artifactKey: Guid(12ecdc5a77e1b674a8cddc29313def11) Importer(815301076,1909f56bfc062723c751e8b465ee728b)
Start importing Assets/Resources/Prefabs/UI/Scene/Panel.prefab using Guid(12ecdc5a77e1b674a8cddc29313def11) Importer(815301076,1909f56bfc062723c751e8b465ee728b)  -> (artifact id: 'a927d953b24f0a623dfd631263f29cdf') in 0.010076 seconds
  Import took 0.012116 seconds .

========================================================================
Received Import Request.
  Time since last request: 5.151380 seconds.
  path: Assets/Resources/Prefabs/UI/Scene/UI_Inven.prefab
  artifactKey: Guid(c393c8809a06ee049b8901e6bd263381) Importer(815301076,1909f56bfc062723c751e8b465ee728b)
Start importing Assets/Resources/Prefabs/UI/Scene/UI_Inven.prefab using Guid(c393c8809a06ee049b8901e6bd263381) Importer(815301076,1909f56bfc062723c751e8b465ee728b)  -> (artifact id: '0b55b2f455c2451519041e33a2545be7') in 0.010629 seconds
  Import took 0.012674 seconds .

========================================================================
Received Import Request.
  Time since last request: 0.016653 seconds.
  path: Assets/Resources/Prefabs/UI/Scene/UI_Inven.prefab
  artifactKey: Guid(c393c8809a06ee049b8901e6bd263381) Importer(815301076,1909f56bfc062723c751e8b465ee728b)
Start importing Assets/Resources/Prefabs/UI/Scene/UI_Inven.prefab using Guid(c393c8809a06ee049b8901e6bd263381) Importer(815301076,1909f56bfc062723c751e8b465ee728b)  -> (artifact id: '0b55b2f455c2451519041e33a2545be7') in 0.005218 seconds
  Import took 0.007128 seconds .

========================================================================
Received Import Request.
  Time since last request: 166.029242 seconds.
  path: Assets/Scripts/UI/Scene/UI_Inven.cs
  artifactKey: Guid(08f081c54e792a6478bb9aa429e3a1a6) Importer(815301076,1909f56bfc062723c751e8b465ee728b)
Start importing Assets/Scripts/UI/Scene/UI_Inven.cs using Guid(08f081c54e792a6478bb9aa429e3a1a6) Importer(815301076,1909f56bfc062723c751e8b465ee728b)  -> (artifact id: '900f6902caed6ed58179a6b4d3816ab0') in 0.012712 seconds
  Import took 0.014674 seconds .

========================================================================
Received Prepare
Registering precompiled user dll's ...
Registered in 0.000714 seconds.
Begin MonoManager ReloadAssembly
Native extension for WindowsStandalone target not found
Refreshing native plugins compatible for Editor in 0.28 ms, found 0 plugins.
Preloading 0 native plugins for Editor in 0.00 ms.
Mono: successfully reloaded assembly
- Completed reload, in  0.710 seconds
Platform modules already initialized, skipping
Refreshing native plugins compatible for Editor in 0.28 ms, found 0 plugins.
Preloading 0 native plugins for Editor in 0.00 ms.
Unloading 1158 Unused Serialized files (Serialized files now loaded: 0)
System memory in use before: 64.9 MB.
System memory in use after: 65.0 MB.

Unloading 5 unused Assets to reduce memory usage. Loaded Objects now: 1623.
Total: 1.667200 ms (FindLiveObjects: 0.147100 ms CreateObjectMapping: 0.025900 ms MarkObjects: 1.438600 ms  DeleteObjects: 0.054500 ms)

AssetImportParameters requested are different than current active one (requested -> active):
  requireTextureImportCompression: false -> true
========================================================================
Received Import Request.
  Time since last request: 20.410278 seconds.
  path: Assets/Scripts/UI/Scene/UI_Inven_Item.cs
  artifactKey: Guid(dd0f8f99d3cb46b479abbd726ee320b5) Importer(815301076,1909f56bfc062723c751e8b465ee728b)
Start importing Assets/Scripts/UI/Scene/UI_Inven_Item.cs using Guid(dd0f8f99d3cb46b479abbd726ee320b5) Importer(815301076,1909f56bfc062723c751e8b465ee728b)  -> (artifact id: '23bdfe7db5aaee2cfc0a4e77fa4399f4') in 0.004522 seconds
  Import took 0.006535 seconds .

========================================================================
Received Import Request.
  Time since last request: 0.022756 seconds.
  path: Assets/Scripts/UI/Scene/UI_Inven_Item.cs
  artifactKey: Guid(dd0f8f99d3cb46b479abbd726ee320b5) Importer(815301076,1909f56bfc062723c751e8b465ee728b)
Start importing Assets/Scripts/UI/Scene/UI_Inven_Item.cs using Guid(dd0f8f99d3cb46b479abbd726ee320b5) Importer(815301076,1909f56bfc062723c751e8b465ee728b)  -> (artifact id: '23bdfe7db5aaee2cfc0a4e77fa4399f4') in 0.002550 seconds
  Import took 0.004631 seconds .

========================================================================
Received Prepare
Registering precompiled user dll's ...
Registered in 0.000721 seconds.
Begin MonoManager ReloadAssembly
Native extension for WindowsStandalone target not found
Refreshing native plugins compatible for Editor in 0.33 ms, found 0 plugins.
Preloading 0 native plugins for Editor in 0.00 ms.
Mono: successfully reloaded assembly
- Completed reload, in  0.658 seconds
Platform modules already initialized, skipping
Refreshing native plugins compatible for Editor in 0.27 ms, found 0 plugins.
Preloading 0 native plugins for Editor in 0.00 ms.
Unloading 1159 Unused Serialized files (Serialized files now loaded: 0)
System memory in use before: 65.0 MB.
System memory in use after: 65.1 MB.

Unloading 5 unused Assets to reduce memory usage. Loaded Objects now: 1627.
Total: 1.522500 ms (FindLiveObjects: 0.158800 ms CreateObjectMapping: 0.026300 ms MarkObjects: 1.282600 ms  DeleteObjects: 0.053900 ms)

AssetImportParameters requested are different than current active one (requested -> active):
  requireTextureImportCompression: false -> true
========================================================================
Received Import Request.
  Time since last request: 19.548518 seconds.
  path: Assets/Resources/Prefabs/UI/Scene/UI_Inven_Item.prefab
  artifactKey: Guid(86bf812d0c644ea44b13cd1c55e8b5ec) Importer(815301076,1909f56bfc062723c751e8b465ee728b)
Start importing Assets/Resources/Prefabs/UI/Scene/UI_Inven_Item.prefab using Guid(86bf812d0c644ea44b13cd1c55e8b5ec) Importer(815301076,1909f56bfc062723c751e8b465ee728b)  -> (artifact id: '661d45f58d5abe0c98923ff14a761051') in 0.029260 seconds
  Import took 0.031238 seconds .

========================================================================
Received Import Request.
  Time since last request: 0.021764 seconds.
  path: Assets/Resources/Prefabs/UI/Scene/UI_Inven_Item.prefab
  artifactKey: Guid(86bf812d0c644ea44b13cd1c55e8b5ec) Importer(815301076,1909f56bfc062723c751e8b465ee728b)
Start importing Assets/Resources/Prefabs/UI/Scene/UI_Inven_Item.prefab using Guid(86bf812d0c644ea44b13cd1c55e8b5ec) Importer(815301076,1909f56bfc062723c751e8b465ee728b)  -> (artifact id: '661d45f58d5abe0c98923ff14a761051') in 0.004258 seconds
  Import took 0.005996 seconds .

========================================================================
Received Import Request.
  Time since last request: 0.499286 seconds.
  path: Assets/Resources/Prefabs/UI/Scene/UI_Inven.prefab
  artifactKey: Guid(c393c8809a06ee049b8901e6bd263381) Importer(815301076,1909f56bfc062723c751e8b465ee728b)
Start importing Assets/Resources/Prefabs/UI/Scene/UI_Inven.prefab using Guid(c393c8809a06ee049b8901e6bd263381) Importer(815301076,1909f56bfc062723c751e8b465ee728b)  -> (artifact id: 'f5b54e53dc88efc982a9a5239a9216c0') in 0.007342 seconds
  Import took 0.009494 seconds .

========================================================================
Received Import Request.
  Time since last request: 0.007219 seconds.
  path: Assets/Resources/Prefabs/UI/Scene/UI_Inven.prefab
  artifactKey: Guid(c393c8809a06ee049b8901e6bd263381) Importer(815301076,1909f56bfc062723c751e8b465ee728b)
Start importing Assets/Resources/Prefabs/UI/Scene/UI_Inven.prefab using Guid(c393c8809a06ee049b8901e6bd263381) Importer(815301076,1909f56bfc062723c751e8b465ee728b)  -> (artifact id: 'f5b54e53dc88efc982a9a5239a9216c0') in 0.005286 seconds
  Import took 0.007230 seconds .

========================================================================
Received Prepare
Registering precompiled user dll's ...
Registered in 0.000613 seconds.
Begin MonoManager ReloadAssembly
Native extension for WindowsStandalone target not found
Refreshing native plugins compatible for Editor in 0.27 ms, found 0 plugins.
Preloading 0 native plugins for Editor in 0.00 ms.
Mono: successfully reloaded assembly
- Completed reload, in  0.662 seconds
Platform modules already initialized, skipping
Refreshing native plugins compatible for Editor in 0.27 ms, found 0 plugins.
Preloading 0 native plugins for Editor in 0.00 ms.
Unloading 1159 Unused Serialized files (Serialized files now loaded: 0)
System memory in use before: 65.0 MB.
System memory in use after: 65.1 MB.

Unloading 5 unused Assets to reduce memory usage. Loaded Objects now: 1630.
Total: 1.415400 ms (FindLiveObjects: 0.147700 ms CreateObjectMapping: 0.024100 ms MarkObjects: 1.198800 ms  DeleteObjects: 0.044100 ms)

AssetImportParameters requested are different than current active one (requested -> active):
  requireTextureImportCompression: false -> true
========================================================================
Received Prepare
Registering precompiled user dll's ...
Registered in 0.000603 seconds.
Begin MonoManager ReloadAssembly
Native extension for WindowsStandalone target not found
Refreshing native plugins compatible for Editor in 0.29 ms, found 0 plugins.
Preloading 0 native plugins for Editor in 0.00 ms.
Mono: successfully reloaded assembly
- Completed reload, in  0.645 seconds
Platform modules already initialized, skipping
Refreshing native plugins compatible for Editor in 0.27 ms, found 0 plugins.
Preloading 0 native plugins for Editor in 0.00 ms.
Unloading 1159 Unused Serialized files (Serialized files now loaded: 0)
System memory in use before: 65.0 MB.
System memory in use after: 65.1 MB.

Unloading 5 unused Assets to reduce memory usage. Loaded Objects now: 1633.
Total: 1.526200 ms (FindLiveObjects: 0.123600 ms CreateObjectMapping: 0.024900 ms MarkObjects: 1.319900 ms  DeleteObjects: 0.056800 ms)

AssetImportParameters requested are different than current active one (requested -> active):
  requireTextureImportCompression: false -> true
========================================================================
Received Prepare
Registering precompiled user dll's ...
Registered in 0.000646 seconds.
Begin MonoManager ReloadAssembly
Native extension for WindowsStandalone target not found
Refreshing native plugins compatible for Editor in 0.27 ms, found 0 plugins.
Preloading 0 native plugins for Editor in 0.00 ms.
Mono: successfully reloaded assembly
- Completed reload, in  0.637 seconds
Platform modules already initialized, skipping
Refreshing native plugins compatible for Editor in 0.27 ms, found 0 plugins.
Preloading 0 native plugins for Editor in 0.00 ms.
Unloading 1159 Unused Serialized files (Serialized files now loaded: 0)
System memory in use before: 65.0 MB.
System memory in use after: 65.1 MB.

Unloading 5 unused Assets to reduce memory usage. Loaded Objects now: 1636.
Total: 1.497500 ms (FindLiveObjects: 0.143700 ms CreateObjectMapping: 0.025000 ms MarkObjects: 1.272300 ms  DeleteObjects: 0.055500 ms)

AssetImportParameters requested are different than current active one (requested -> active):
  requireTextureImportCompression: false -> true
========================================================================
Received Prepare
Registering precompiled user dll's ...
Registered in 0.000553 seconds.
Begin MonoManager ReloadAssembly
Native extension for WindowsStandalone target not found
Refreshing native plugins compatible for Editor in 0.27 ms, found 0 plugins.
Preloading 0 native plugins for Editor in 0.00 ms.
Mono: successfully reloaded assembly
- Completed reload, in  0.674 seconds
Platform modules already initialized, skipping
Refreshing native plugins compatible for Editor in 0.27 ms, found 0 plugins.
Preloading 0 native plugins for Editor in 0.00 ms.
Unloading 1159 Unused Serialized files (Serialized files now loaded: 0)
System memory in use before: 65.0 MB.
System memory in use after: 65.1 MB.

Unloading 5 unused Assets to reduce memory usage. Loaded Objects now: 1639.
Total: 1.415700 ms (FindLiveObjects: 0.146400 ms CreateObjectMapping: 0.025700 ms MarkObjects: 1.200400 ms  DeleteObjects: 0.042400 ms)

AssetImportParameters requested are different than current active one (requested -> active):
  requireTextureImportCompression: false -> true
========================================================================
Received Prepare
Registering precompiled user dll's ...
Registered in 0.000613 seconds.
Begin MonoManager ReloadAssembly
Native extension for WindowsStandalone target not found
Refreshing native plugins compatible for Editor in 0.28 ms, found 0 plugins.
Preloading 0 native plugins for Editor in 0.00 ms.
Mono: successfully reloaded assembly
- Completed reload, in  0.662 seconds
Platform modules already initialized, skipping
Refreshing native plugins compatible for Editor in 0.29 ms, found 0 plugins.
Preloading 0 native plugins for Editor in 0.00 ms.
Unloading 1159 Unused Serialized files (Serialized files now loaded: 0)
System memory in use before: 65.0 MB.
System memory in use after: 65.1 MB.

Unloading 5 unused Assets to reduce memory usage. Loaded Objects now: 1642.
Total: 1.680700 ms (FindLiveObjects: 0.148000 ms CreateObjectMapping: 0.026200 ms MarkObjects: 1.451600 ms  DeleteObjects: 0.053500 ms)

AssetImportParameters requested are different than current active one (requested -> active):
  requireTextureImportCompression: false -> true
========================================================================
Received Prepare
Registering precompiled user dll's ...
Registered in 0.000581 seconds.
Begin MonoManager ReloadAssembly
Native extension for WindowsStandalone target not found
Refreshing native plugins compatible for Editor in 0.29 ms, found 0 plugins.
Preloading 0 native plugins for Editor in 0.00 ms.
Mono: successfully reloaded assembly
- Completed reload, in  0.636 seconds
Platform modules already initialized, skipping
Refreshing native plugins compatible for Editor in 0.27 ms, found 0 plugins.
Preloading 0 native plugins for Editor in 0.00 ms.
Unloading 1159 Unused Serialized files (Serialized files now loaded: 0)
System memory in use before: 65.0 MB.
System memory in use after: 65.1 MB.

Unloading 5 unused Assets to reduce memory usage. Loaded Objects now: 1645.
Total: 1.398400 ms (FindLiveObjects: 0.148800 ms CreateObjectMapping: 0.026200 ms MarkObjects: 1.182100 ms  DeleteObjects: 0.040700 ms)

AssetImportParameters requested are different than current active one (requested -> active):
  requireTextureImportCompression: false -> true
========================================================================
Received Prepare
Registering precompiled user dll's ...
Registered in 0.000575 seconds.
Begin MonoManager ReloadAssembly
Native extension for WindowsStandalone target not found
Refreshing native plugins compatible for Editor in 0.28 ms, found 0 plugins.
Preloading 0 native plugins for Editor in 0.00 ms.
Mono: successfully reloaded assembly
- Completed reload, in  0.691 seconds
Platform modules already initialized, skipping
Refreshing native plugins compatible for Editor in 0.27 ms, found 0 plugins.
Preloading 0 native plugins for Editor in 0.00 ms.
Unloading 1159 Unused Serialized files (Serialized files now loaded: 0)
System memory in use before: 65.0 MB.
System memory in use after: 65.1 MB.

Unloading 5 unused Assets to reduce memory usage. Loaded Objects now: 1648.
Total: 1.429400 ms (FindLiveObjects: 0.153200 ms CreateObjectMapping: 0.026000 ms MarkObjects: 1.203100 ms  DeleteObjects: 0.046300 ms)

AssetImportParameters requested are different than current active one (requested -> active):
  requireTextureImportCompression: false -> true
========================================================================
Received Prepare
Registering precompiled user dll's ...
Registered in 0.000574 seconds.
Begin MonoManager ReloadAssembly
Native extension for WindowsStandalone target not found
Refreshing native plugins compatible for Editor in 0.27 ms, found 0 plugins.
Preloading 0 native plugins for Editor in 0.00 ms.
Mono: successfully reloaded assembly
- Completed reload, in  0.649 seconds
Platform modules already initialized, skipping
Refreshing native plugins compatible for Editor in 0.28 ms, found 0 plugins.
Preloading 0 native plugins for Editor in 0.00 ms.
Unloading 1159 Unused Serialized files (Serialized files now loaded: 0)
System memory in use before: 65.0 MB.
System memory in use after: 65.1 MB.

Unloading 5 unused Assets to reduce memory usage. Loaded Objects now: 1651.
Total: 1.414700 ms (FindLiveObjects: 0.155700 ms CreateObjectMapping: 0.026800 ms MarkObjects: 1.187000 ms  DeleteObjects: 0.044400 ms)

AssetImportParameters requested are different than current active one (requested -> active):
  requireTextureImportCompression: false -> true
========================================================================
Received Prepare
Registering precompiled user dll's ...
Registered in 0.000574 seconds.
Begin MonoManager ReloadAssembly
Native extension for WindowsStandalone target not found
Refreshing native plugins compatible for Editor in 0.28 ms, found 0 plugins.
Preloading 0 native plugins for Editor in 0.00 ms.
Mono: successfully reloaded assembly
- Completed reload, in  0.661 seconds
Platform modules already initialized, skipping
Refreshing native plugins compatible for Editor in 0.33 ms, found 0 plugins.
Preloading 0 native plugins for Editor in 0.00 ms.
Unloading 1159 Unused Serialized files (Serialized files now loaded: 0)
System memory in use before: 65.0 MB.
System memory in use after: 65.1 MB.

Unloading 5 unused Assets to reduce memory usage. Loaded Objects now: 1654.
Total: 1.475700 ms (FindLiveObjects: 0.154800 ms CreateObjectMapping: 0.029800 ms MarkObjects: 1.249200 ms  DeleteObjects: 0.041000 ms)

AssetImportParameters requested are different than current active one (requested -> active):
  requireTextureImportCompression: false -> true
========================================================================
Received Prepare
Registering precompiled user dll's ...
Registered in 0.000806 seconds.
Begin MonoManager ReloadAssembly
Native extension for WindowsStandalone target not found
Refreshing native plugins compatible for Editor in 0.33 ms, found 0 plugins.
Preloading 0 native plugins for Editor in 0.00 ms.
Mono: successfully reloaded assembly
- Completed reload, in  0.713 seconds
Platform modules already initialized, skipping
Refreshing native plugins compatible for Editor in 0.29 ms, found 0 plugins.
Preloading 0 native plugins for Editor in 0.00 ms.
Unloading 1159 Unused Serialized files (Serialized files now loaded: 0)
System memory in use before: 65.0 MB.
System memory in use after: 65.1 MB.

Unloading 5 unused Assets to reduce memory usage. Loaded Objects now: 1657.
Total: 1.522500 ms (FindLiveObjects: 0.156500 ms CreateObjectMapping: 0.031300 ms MarkObjects: 1.288900 ms  DeleteObjects: 0.045000 ms)

AssetImportParameters requested are different than current active one (requested -> active):
  requireTextureImportCompression: false -> true
